Arguments: 
  C:\Program Files (x86)\nodejs\node.exe C:\Users\peter.hammans\AppData\Roaming\npm\node_modules\yarn\bin\yarn.js

PATH: 
  C:\Users\peter.hammans\bin;C:\Program Files\Git\mingw64\bin;C:\Program Files\Git\usr\local\bin;C:\Program Files\Git\usr\bin;C:\Program Files\Git\usr\bin;C:\Program Files\Git\mingw64\bin;C:\Program Files\Git\usr\bin;C:\Users\peter.hammans\bin;C:\Program Files (x86)\Razer\ChromaBroadcast\bin;C:\Program Files\Razer\ChromaBroadcast\bin;C:\WINDOWS\system32;C:\WINDOWS;C:\WINDOWS\System32\Wbem;C:\WINDOWS\System32\WindowsPowerShell\v1.0;C:\WINDOWS\System32\OpenSSH;C:\Program Files\TortoiseSVN\bin;C:\Program Files (x86)\Microsoft SQL Server\150\DTS\Binn;C:\devtools\apache-maven-3.6.3\bin;C:\Program Files\Java\jdk1.8.0_231;C:\Program Files\Microsoft SQL Server\130\Tools\Binn;C:\Program Files\Intel\WiFi\bin;C:\Program Files\Common Files\Intel\WirelessCommon;C:\Users\james.tyreman\AppData\Local\Microsoft\WindowsApps;C:\Users\james.tyreman\.dotnet\tools;C:\Program Files\Git\cmd;C:\Program Files\MongoDB\Server\4.2\bin;C:\Program Files (x86)\nodejs;C:\Program Files (x86)\Windows Kits\10\Windows Performance Toolkit;C:\Program Files (x86)\Windows Kits\10\Microsoft Application Virtualization\Sequencer;C:\Program Files (x86)\Intel\Intel(R) Management Engine Components\DAL;C:\Program Files\Intel\Intel(R) Management Engine Components\DAL;C:\Program Files\Amazon\AWSCLIV2;C:\Program Files\Docker\Docker\resources\bin;C:\ProgramData\DockerDesktop\version-bin;C:\Users\peter.hammans\AppData\Local\Microsoft\WindowsApps;C:\Users\peter.hammans\AppData\Local\Programs\Microsoft VS Code\bin;C:\Program Files\MongoDB\Server\4.2\bin;C:\Users\peter.hammans\AppData\Roaming\npm;C:\Program Files\Git\usr\bin\vendor_perl;C:\Program Files\Git\usr\bin\core_perl

Yarn version: 
  1.22.11

Node version: 
  12.18.4

Platform: 
  win32 ia32

Trace: 
  Error: https://affinitywater-633033879498.d.codeartifact.eu-west-1.amazonaws.com/npm/react-core-ui/react: Unauthenticated: request did not include an Authorization header. Please provide your credentials.
      at Request.params.callback [as _callback] (C:\Users\peter.hammans\AppData\Roaming\npm\node_modules\yarn\lib\cli.js:66992:18)
      at Request.self.callback (C:\Users\peter.hammans\AppData\Roaming\npm\node_modules\yarn\lib\cli.js:140763:22)
      at Request.emit (events.js:315:20)
      at Request.<anonymous> (C:\Users\peter.hammans\AppData\Roaming\npm\node_modules\yarn\lib\cli.js:141735:10)
      at Request.emit (events.js:315:20)
      at Gunzip.<anonymous> (C:\Users\peter.hammans\AppData\Roaming\npm\node_modules\yarn\lib\cli.js:141657:12)
      at Object.onceWrapper (events.js:421:28)
      at Gunzip.emit (events.js:327:22)
      at endReadableNT (_stream_readable.js:1220:12)
      at processTicksAndRejections (internal/process/task_queues.js:84:21)

npm manifest: 
  {
    "name": "movie-listings-task",
    "version": "1.0.0",
    "description": "An incomplete and buggy movie listing.",
    "keywords": [],
    "main": "src/index.js",
    "dependencies": {
      "react": "17.0.2",
      "react-dom": "17.0.2",
      "react-scripts": "4.0.0",
      "react-test-renderer": "17.0.2"
    },
    "devDependencies": {
      "@babel/runtime": "7.13.8",
      "typescript": "4.1.3"
    },
    "scripts": {
      "start": "react-scripts start",
      "build": "react-scripts build",
      "test": "react-scripts test --env=jsdom",
      "eject": "react-scripts eject"
    },
    "browserslist": [
      ">0.2%",
      "not dead",
      "not ie <= 11",
      "not op_mini all"
    ]
  }

yarn manifest: 
  No manifest

Lockfile: 
  No lockfile
